[debug] [2023-11-13T21:02:05.054Z] ----------------------------------------------------------------------
[debug] [2023-11-13T21:02:05.057Z] Command:       C:\Program Files\nodejs\node.exe C:\Users\devad\AppData\Roaming\npm\node_modules\firebase-tools\lib\bin\firebase.js deploy --only hosting:pipocaagilpodcast
[debug] [2023-11-13T21:02:05.058Z] CLI Version:   12.5.4
[debug] [2023-11-13T21:02:05.058Z] Platform:      win32
[debug] [2023-11-13T21:02:05.059Z] Node Version:  v18.16.0
[debug] [2023-11-13T21:02:05.063Z] Time:          Mon Nov 13 2023 18:02:05 GMT-0300 (Horário Padrão de Brasília)
[debug] [2023-11-13T21:02:05.063Z] ----------------------------------------------------------------------
[debug] 
[debug] [2023-11-13T21:02:05.069Z] >>> [apiv2][query] GET https://firebase-public.firebaseio.com/cli.json [none]
[debug] [2023-11-13T21:02:05.198Z] > command requires scopes: ["email","openid","https://www.googleapis.com/auth/cloudplatformprojects.readonly","https://www.googleapis.com/auth/firebase","https://www.googleapis.com/auth/cloud-platform"]
[debug] [2023-11-13T21:02:05.198Z] > authorizing via signed-in user (devadeathls@gmail.com)
[debug] [2023-11-13T21:02:05.204Z] [iam] checking project pipocaagilpodcast for permissions ["firebase.projects.get","firebasehosting.sites.update"]
[debug] [2023-11-13T21:02:05.206Z] > refreshing access token with scopes: []
[debug] [2023-11-13T21:02:05.208Z] >>> [apiv2][query] POST https://www.googleapis.com/oauth2/v3/token [none]
[debug] [2023-11-13T21:02:05.209Z] >>> [apiv2][body] POST https://www.googleapis.com/oauth2/v3/token [omitted]
[debug] [2023-11-13T21:02:05.515Z] <<< [apiv2][status] POST https://www.googleapis.com/oauth2/v3/token 400
[debug] [2023-11-13T21:02:05.516Z] <<< [apiv2][body] POST https://www.googleapis.com/oauth2/v3/token [omitted]
[debug] [2023-11-13T21:02:05.516Z] >>> [apiv2][query] POST https://cloudresourcemanager.googleapis.com/v1/projects/pipocaagilpodcast:testIamPermissions [none]
[debug] [2023-11-13T21:02:05.516Z] >>> [apiv2][(partial)header] POST https://cloudresourcemanager.googleapis.com/v1/projects/pipocaagilpodcast:testIamPermissions x-goog-quota-user=projects/pipocaagilpodcast
[debug] [2023-11-13T21:02:05.516Z] >>> [apiv2][body] POST https://cloudresourcemanager.googleapis.com/v1/projects/pipocaagilpodcast:testIamPermissions {"permissions":["firebase.projects.get","firebasehosting.sites.update"]}
[debug] [2023-11-13T21:02:05.645Z] <<< [apiv2][status] GET https://firebase-public.firebaseio.com/cli.json 200
[debug] [2023-11-13T21:02:05.645Z] <<< [apiv2][body] GET https://firebase-public.firebaseio.com/cli.json {"cloudBuildErrorAfter":1594252800000,"cloudBuildWarnAfter":1590019200000,"defaultNode10After":1594252800000,"minVersion":"3.0.5","node8DeploysDisabledAfter":1613390400000,"node8RuntimeDisabledAfter":1615809600000,"node8WarnAfter":1600128000000}
[debug] [2023-11-13T21:02:06.519Z] <<< [apiv2][status] POST https://cloudresourcemanager.googleapis.com/v1/projects/pipocaagilpodcast:testIamPermissions 401
[debug] [2023-11-13T21:02:06.520Z] <<< [apiv2][body] POST https://cloudresourcemanager.googleapis.com/v1/projects/pipocaagilpodcast:testIamPermissions {"error":{"code":401,"message":"Request had invalid authentication credentials. Expected OAuth 2 access token, login cookie or other valid authentication credential. See https://developers.google.com/identity/sign-in/web/devconsole-project.","status":"UNAUTHENTICATED","details":[{"@type":"type.googleapis.com/google.rpc.ErrorInfo","reason":"ACCESS_TOKEN_TYPE_UNSUPPORTED","metadata":{"service":"cloudresourcemanager.googleapis.com","method":"google.cloudresourcemanager.v1.Projects.TestIamPermissions"}}]}}
[debug] [2023-11-13T21:02:06.520Z] [iam] error while checking permissions, command may fail: FirebaseError: HTTP Error: 401, Request had invalid authentication credentials. Expected OAuth 2 access token, login cookie or other valid authentication credential. See https://developers.google.com/identity/sign-in/web/devconsole-project.
[debug] [2023-11-13T21:02:06.521Z] > refreshing access token with scopes: []
[debug] [2023-11-13T21:02:06.521Z] >>> [apiv2][query] POST https://www.googleapis.com/oauth2/v3/token [none]
[debug] [2023-11-13T21:02:06.521Z] >>> [apiv2][body] POST https://www.googleapis.com/oauth2/v3/token [omitted]
[debug] [2023-11-13T21:02:06.778Z] <<< [apiv2][status] POST https://www.googleapis.com/oauth2/v3/token 400
[debug] [2023-11-13T21:02:06.778Z] <<< [apiv2][body] POST https://www.googleapis.com/oauth2/v3/token [omitted]
[debug] [2023-11-13T21:02:06.779Z] >>> [apiv2][query] GET https://firebase.googleapis.com/v1beta1/projects/pipocaagilpodcast [none]
[debug] [2023-11-13T21:02:07.133Z] <<< [apiv2][status] GET https://firebase.googleapis.com/v1beta1/projects/pipocaagilpodcast 401
[debug] [2023-11-13T21:02:07.134Z] <<< [apiv2][body] GET https://firebase.googleapis.com/v1beta1/projects/pipocaagilpodcast {"error":{"code":401,"message":"Request had invalid authentication credentials. Expected OAuth 2 access token, login cookie or other valid authentication credential. See https://developers.google.com/identity/sign-in/web/devconsole-project.","status":"UNAUTHENTICATED"}}
[debug] [2023-11-13T21:02:07.134Z] HTTP Error: 401, Request had invalid authentication credentials. Expected OAuth 2 access token, login cookie or other valid authentication credential. See https://developers.google.com/identity/sign-in/web/devconsole-project.
[debug] [2023-11-13T21:02:07.391Z] FirebaseError: HTTP Error: 401, Request had invalid authentication credentials. Expected OAuth 2 access token, login cookie or other valid authentication credential. See https://developers.google.com/identity/sign-in/web/devconsole-project.
    at responseToError (C:\Users\devad\AppData\Roaming\npm\node_modules\firebase-tools\lib\responseToError.js:49:12)
    at RetryOperation._fn (C:\Users\devad\AppData\Roaming\npm\node_modules\firebase-tools\lib\apiv2.js:285:77)
    at process.processTicksAndRejections (node:internal/process/task_queues:95:5)
[error] 
[error] Error: Failed to get Firebase project pipocaagilpodcast. Please make sure the project exists and your account has permission to access it.
